time="2024-09-15T20:09:12+05:00" level=fatal msg="Failed to load configuration:open config/config.yml: no such file or directory"
time="2024-09-15T20:09:25+05:00" level=info msg="Configuration loaded successfully"
time="2024-09-15T20:09:25+05:00" level=info msg="Connected to User Service"
time="2024-09-15T20:09:25+05:00" level=info msg="Connected to Income Expense Service"
time="2024-09-15T20:09:25+05:00" level=info msg="Connected to Budget Service"
time="2024-09-15T20:09:25+05:00" level=info msg="Connected to Reporting Service"
time="2024-09-15T20:09:25+05:00" level=info msg="Service clients initialized"
time="2024-09-15T20:09:25+05:00" level=info msg="Starting API Gateway on address::9000"
time="2024-09-15T20:09:25+05:00" level=info msg="Starting API Gateway on: :9000"
time="2024-09-15T20:09:32+05:00" level=info msg="Configuration loaded successfully"
time="2024-09-15T20:09:32+05:00" level=info msg="Connected to User Service"
time="2024-09-15T20:09:32+05:00" level=info msg="Connected to Income Expense Service"
time="2024-09-15T20:09:32+05:00" level=info msg="Connected to Budget Service"
time="2024-09-15T20:09:32+05:00" level=info msg="Connected to Reporting Service"
time="2024-09-15T20:09:32+05:00" level=info msg="Service clients initialized"
time="2024-09-15T20:09:32+05:00" level=info msg="Starting API Gateway on address::9000"
time="2024-09-15T20:09:32+05:00" level=info msg="Starting API Gateway on: :9000"
time="2024-09-15T20:09:34+05:00" level=info msg="Received signal:interrupt"
time="2024-09-15T20:09:34+05:00" level=fatal msg="http: Server closed"
time="2024-09-16T15:06:59+05:00" level=info msg="Configuration loaded successfully"
time="2024-09-16T15:06:59+05:00" level=info msg="Connected to User Service"
time="2024-09-16T15:06:59+05:00" level=info msg="Connected to Income Expense Service"
time="2024-09-16T15:06:59+05:00" level=info msg="Connected to Budget Service"
time="2024-09-16T15:06:59+05:00" level=info msg="Connected to Reporting Service"
time="2024-09-16T15:06:59+05:00" level=info msg="Service clients initialized"
time="2024-09-16T15:06:59+05:00" level=info msg="Starting API Gateway on address::9000"
time="2024-09-16T15:06:59+05:00" level=info msg="Starting API Gateway on: :9000"
time="2024-09-16T15:32:18+05:00" level=info msg="Received signal:interrupt"
time="2024-09-16T15:32:18+05:00" level=fatal msg="http: Server closed"
time="2024-09-16T15:32:20+05:00" level=info msg="Configuration loaded successfully"
time="2024-09-16T15:32:20+05:00" level=info msg="Connected to User Service"
time="2024-09-16T15:32:20+05:00" level=info msg="Connected to Income Expense Service"
time="2024-09-16T15:32:20+05:00" level=info msg="Connected to Budget Service"
time="2024-09-16T15:32:20+05:00" level=info msg="Connected to Reporting Service"
time="2024-09-16T15:32:20+05:00" level=info msg="Service clients initialized"
time="2024-09-16T15:32:20+05:00" level=info msg="Starting API Gateway on address::9000"
time="2024-09-16T15:32:20+05:00" level=info msg="Starting API Gateway on: :9000"
time="2024-09-16T15:33:47+05:00" level=info msg="Received signal:interrupt"
time="2024-09-16T15:33:47+05:00" level=fatal msg="http: Server closed"
time="2024-09-16T15:33:49+05:00" level=info msg="Configuration loaded successfully"
time="2024-09-16T15:33:49+05:00" level=info msg="Connected to User Service"
time="2024-09-16T15:33:49+05:00" level=info msg="Connected to Income Expense Service"
time="2024-09-16T15:33:49+05:00" level=info msg="Connected to Budget Service"
time="2024-09-16T15:33:49+05:00" level=info msg="Connected to Reporting Service"
time="2024-09-16T15:33:49+05:00" level=info msg="Service clients initialized"
time="2024-09-16T15:33:49+05:00" level=info msg="Starting API Gateway on address::9000"
time="2024-09-16T15:33:49+05:00" level=info msg="Starting API Gateway on: :9000"
time="2024-09-16T16:42:17+05:00" level=info msg="Received signal:interrupt"
time="2024-09-16T16:42:17+05:00" level=fatal msg="http: Server closed"
time="2024-09-16T16:42:19+05:00" level=info msg="Configuration loaded successfully"
time="2024-09-16T16:42:19+05:00" level=info msg="Connected to User Service"
time="2024-09-16T16:42:19+05:00" level=info msg="Connected to Income Expense Service"
time="2024-09-16T16:42:19+05:00" level=info msg="Connected to Budget Service"
time="2024-09-16T16:42:19+05:00" level=info msg="Connected to Reporting Service"
time="2024-09-16T16:42:19+05:00" level=info msg="Service clients initialized"
time="2024-09-16T16:42:19+05:00" level=info msg="Starting API Gateway on address::9000"
time="2024-09-16T16:42:19+05:00" level=info msg="Starting API Gateway on: :9000"
time="2024-09-16T16:58:23+05:00" level=info msg="Received signal:interrupt"
time="2024-09-16T16:58:23+05:00" level=fatal msg="http: Server closed"
time="2024-09-16T16:58:24+05:00" level=info msg="Configuration loaded successfully"
time="2024-09-16T16:58:24+05:00" level=info msg="Connected to User Service"
time="2024-09-16T16:58:24+05:00" level=info msg="Connected to Income Expense Service"
time="2024-09-16T16:58:24+05:00" level=info msg="Connected to Budget Service"
time="2024-09-16T16:58:24+05:00" level=info msg="Connected to Reporting Service"
time="2024-09-16T16:58:24+05:00" level=info msg="Service clients initialized"
time="2024-09-16T16:58:24+05:00" level=info msg="Starting API Gateway on address::9000"
time="2024-09-16T16:58:24+05:00" level=info msg="Starting API Gateway on: :9000"
time="2024-09-16T17:53:13+05:00" level=info msg="Received signal:interrupt"
time="2024-09-16T17:53:13+05:00" level=fatal msg="http: Server closed"
time="2024-09-16T17:55:33+05:00" level=info msg="Configuration loaded successfully"
time="2024-09-16T17:55:33+05:00" level=info msg="Connected to User Service"
time="2024-09-16T17:55:33+05:00" level=info msg="Connected to Income Expense Service"
time="2024-09-16T17:55:33+05:00" level=info msg="Connected to Budget Service"
time="2024-09-16T17:55:33+05:00" level=info msg="Connected to Reporting Service"
time="2024-09-16T17:55:33+05:00" level=info msg="Service clients initialized"
time="2024-09-16T17:55:33+05:00" level=info msg="Starting API Gateway on address::9000"
time="2024-09-16T17:55:33+05:00" level=info msg="Starting API Gateway on: :9000"
time="2024-09-16T18:00:15+05:00" level=info msg="Received signal:interrupt"
time="2024-09-16T18:00:15+05:00" level=fatal msg="http: Server closed"
time="2024-09-16T19:18:16+05:00" level=info msg="Configuration loaded successfully"
time="2024-09-16T19:18:16+05:00" level=info msg="Connected to User Service"
time="2024-09-16T19:18:16+05:00" level=info msg="Connected to Income Expense Service"
time="2024-09-16T19:18:16+05:00" level=info msg="Connected to Budget Service"
time="2024-09-16T19:18:16+05:00" level=info msg="Connected to Reporting Service"
time="2024-09-16T19:18:16+05:00" level=info msg="Service clients initialized"
time="2024-09-16T19:18:16+05:00" level=info msg="Starting API Gateway on address::9000"
time="2024-09-16T19:18:16+05:00" level=info msg="Starting API Gateway on: :9000"
time="2024-09-16T19:35:04+05:00" level=info msg="RegisterUser: Successfully registered user - pavel"
time="2024-09-16T19:36:45+05:00" level=error msg="LoginUser: Service error - rpc error: code = Unknown desc = sql: no rows in result set"
time="2024-09-16T19:38:42+05:00" level=error msg="LoginUser: Service error - rpc error: code = Unknown desc = sql: no rows in result set"
time="2024-09-16T19:57:41+05:00" level=info msg="LoginUser: Successfully logged in user - paveldurov@gmail.com"
time="2024-09-16T20:02:20+05:00" level=info msg="Received signal:interrupt"
time="2024-09-16T20:02:20+05:00" level=fatal msg="http: Server closed"
time="2024-09-16T20:27:58+05:00" level=info msg="Configuration loaded successfully"
time="2024-09-16T20:27:58+05:00" level=info msg="Connected to User Service"
time="2024-09-16T20:27:58+05:00" level=info msg="Connected to Income Expense Service"
time="2024-09-16T20:27:58+05:00" level=info msg="Connected to Budget Service"
time="2024-09-16T20:27:58+05:00" level=info msg="Connected to Reporting Service"
time="2024-09-16T20:27:58+05:00" level=info msg="Service clients initialized"
time="2024-09-16T20:27:58+05:00" level=info msg="Starting API Gateway on address::9000"
time="2024-09-16T20:27:58+05:00" level=info msg="Starting API Gateway on: :9000"
time="2024-09-16T20:28:26+05:00" level=error msg="LoginUser: Service error - rpc error: code = Unknown desc = invalid password"
time="2024-09-16T20:28:38+05:00" level=info msg="LoginUser: Successfully logged in user - paveldurov@gmail.com"
time="2024-09-16T20:29:14+05:00" level=info msg="GetUsersList: Successfully retrieved users list - 1"
time="2024-09-16T20:30:02+05:00" level=info msg="GetUserById: Successfully retrieved user - ID: paveldurov@gmail.com"
time="2024-09-16T20:31:43+05:00" level=info msg="RegisterIncome: Successfully registered income36cee3bd-5e9e-44f1-91e1-835d60a3eb9b"
time="2024-09-16T20:33:21+05:00" level=error msg="RegisterExpense: Service error - rpc error: code = Unknown desc = invalid UUID length: 0"
time="2024-09-16T20:33:29+05:00" level=error msg="RegisterExpense: Service error - rpc error: code = Unknown desc = invalid UUID length: 0"
time="2024-09-16T20:33:39+05:00" level=error msg="RegisterExpense: Service error - rpc error: code = Unknown desc = invalid UUID length: 0"
time="2024-09-16T20:34:08+05:00" level=info msg="RegisterExpense: Successfully registered expensedee6cc8f-b455-4239-891f-37faa3aaecd7"
time="2024-09-16T20:34:46+05:00" level=info msg="GetListIncomeVSExpense: Successfully retrieved transactions - 2"
time="2024-09-16T20:35:18+05:00" level=info msg="GetTotalReports: Successfully retrieved reports"
time="2024-09-16T20:36:03+05:00" level=info msg="GetReportsByCategory: Successfully retrieved reports by category"
time="2024-09-16T20:37:45+05:00" level=info msg="CreateBudget: Successfully created budget - 2e77b58f-6615-47c7-b8c9-8ef5ce37ef63"
time="2024-09-16T20:38:18+05:00" level=info msg="GetListBudget: Successfully retrieved list budgets - 1"
time="2024-09-16T20:39:14+05:00" level=info msg="UpdateBudhet: Successfully updated budget"
time="2024-09-16T20:39:25+05:00" level=info msg="GetListBudget: Successfully retrieved list budgets - 1"
time="2024-09-16T20:41:45+05:00" level=info msg="Received signal:interrupt"
time="2024-09-16T20:41:45+05:00" level=fatal msg="http: Server closed"
time="2024-09-16T20:41:48+05:00" level=info msg="Configuration loaded successfully"
time="2024-09-16T20:41:48+05:00" level=info msg="Connected to User Service"
time="2024-09-16T20:41:48+05:00" level=info msg="Connected to Income Expense Service"
time="2024-09-16T20:41:48+05:00" level=info msg="Connected to Budget Service"
time="2024-09-16T20:41:48+05:00" level=info msg="Connected to Reporting Service"
time="2024-09-16T20:41:48+05:00" level=info msg="Service clients initialized"
time="2024-09-16T20:41:48+05:00" level=info msg="Starting API Gateway on address::9000"
time="2024-09-16T20:41:48+05:00" level=info msg="Starting API Gateway on: :9000"
time="2024-09-16T20:41:52+05:00" level=info msg="Authorization header:Bearer eyJhbGciOiJIUzI1NiIsInR5cCI6IkpXVCJ9.eyJleHAiOjE3MjY1ODY5MTgsImlhdCI6MTcyNjUwMDUxOCwidXNlcl9lbWFpbCI6InBhdmVsZHVyb3ZAZ21haWwuY29tIiwidXNlcl9pZCI6ImJhYWE2N2FlLTJlNmUtNDIzMy1iZWZmLTgxMDExMjk5ZjllMCJ9.soqQsDiPGhOYBtMPaoYegm7VMldS49Dzj5Tw48E1dKw"
time="2024-09-16T20:41:52+05:00" level=info msg="Request URL:/api/v1/budgets"
time="2024-09-16T20:41:52+05:00" level=info msg="GetListBudget: Successfully retrieved list budgets - 1"
time="2024-09-16T20:41:59+05:00" level=info msg="Authorization header:Bearer eyJhbGciOiJIUzI1NiIsInR5cCI6IkpXVCJ9.eyJleHAiOjE3MjY1ODY5MTgsImlhdCI6MTcyNjUwMDUxOCwidXNlcl9lbWFpbCI6InBhdmVsZHVyb3ZAZ21haWwuY29tIiwidXNlcl9pZCI6ImJhYWE2N2FlLTJlNmUtNDIzMy1iZWZmLTgxMDExMjk5ZjllMCJ9.soqQsDiPGhOYBtMPaoYegm7VMldS49Dzj5Tw48E1dKw"
time="2024-09-16T20:41:59+05:00" level=info msg="Request URL:/api/v1/reports/income-expense"
time="2024-09-16T20:41:59+05:00" level=info msg="GetTotalReports: Successfully retrieved reports"
time="2024-09-16T20:42:02+05:00" level=info msg="Authorization header:Bearer eyJhbGciOiJIUzI1NiIsInR5cCI6IkpXVCJ9.eyJleHAiOjE3MjY1ODY5MTgsImlhdCI6MTcyNjUwMDUxOCwidXNlcl9lbWFpbCI6InBhdmVsZHVyb3ZAZ21haWwuY29tIiwidXNlcl9pZCI6ImJhYWE2N2FlLTJlNmUtNDIzMy1iZWZmLTgxMDExMjk5ZjllMCJ9.soqQsDiPGhOYBtMPaoYegm7VMldS49Dzj5Tw48E1dKw"
time="2024-09-16T20:42:02+05:00" level=info msg="Request URL:/api/v1/reports/spending-by-category"
time="2024-09-16T20:42:02+05:00" level=info msg="GetReportsByCategory: Successfully retrieved reports by category"
time="2024-09-16T20:42:06+05:00" level=info msg="Authorization header:Bearer eyJhbGciOiJIUzI1NiIsInR5cCI6IkpXVCJ9.eyJleHAiOjE3MjY1ODY5MTgsImlhdCI6MTcyNjUwMDUxOCwidXNlcl9lbWFpbCI6InBhdmVsZHVyb3ZAZ21haWwuY29tIiwidXNlcl9pZCI6ImJhYWE2N2FlLTJlNmUtNDIzMy1iZWZmLTgxMDExMjk5ZjllMCJ9.soqQsDiPGhOYBtMPaoYegm7VMldS49Dzj5Tw48E1dKw"
time="2024-09-16T20:42:06+05:00" level=info msg="Request URL:/api/v1/transactions"
time="2024-09-16T20:42:06+05:00" level=info msg="GetListIncomeVSExpense: Successfully retrieved transactions - 2"
time="2024-09-16T20:42:10+05:00" level=info msg="Authorization header:Bearer eyJhbGciOiJIUzI1NiIsInR5cCI6IkpXVCJ9.eyJleHAiOjE3MjY1ODY5MTgsImlhdCI6MTcyNjUwMDUxOCwidXNlcl9lbWFpbCI6InBhdmVsZHVyb3ZAZ21haWwuY29tIiwidXNlcl9pZCI6ImJhYWE2N2FlLTJlNmUtNDIzMy1iZWZmLTgxMDExMjk5ZjllMCJ9.soqQsDiPGhOYBtMPaoYegm7VMldS49Dzj5Tw48E1dKw"
time="2024-09-16T20:42:10+05:00" level=info msg="Request URL:/api/v1/users/profile"
time="2024-09-16T20:42:10+05:00" level=info msg="GetUsersList: Successfully retrieved users list - 1"
time="2024-09-16T20:42:15+05:00" level=info msg="Authorization header:Bearer eyJhbGciOiJIUzI1NiIsInR5cCI6IkpXVCJ9.eyJleHAiOjE3MjY1ODY5MTgsImlhdCI6MTcyNjUwMDUxOCwidXNlcl9lbWFpbCI6InBhdmVsZHVyb3ZAZ21haWwuY29tIiwidXNlcl9pZCI6ImJhYWE2N2FlLTJlNmUtNDIzMy1iZWZmLTgxMDExMjk5ZjllMCJ9.soqQsDiPGhOYBtMPaoYegm7VMldS49Dzj5Tw48E1dKw"
time="2024-09-16T20:42:15+05:00" level=info msg="Request URL:/api/v1/users/profile/baaa67ae-2e6e-4233-beff-81011299f9e0"
time="2024-09-16T20:42:15+05:00" level=info msg="GetUserById: Successfully retrieved user - ID: paveldurov@gmail.com"
time="2024-09-16T20:42:23+05:00" level=info msg="Received signal:interrupt"
time="2024-09-16T20:42:23+05:00" level=fatal msg="http: Server closed"
time="2024-09-18T22:00:05+05:00" level=info msg="Configuration loaded successfully"
time="2024-09-18T22:00:05+05:00" level=info msg="Connected to User Service"
time="2024-09-18T22:00:05+05:00" level=info msg="Connected to Income Expense Service"
time="2024-09-18T22:00:05+05:00" level=info msg="Connected to Budget Service"
time="2024-09-18T22:00:05+05:00" level=info msg="Connected to Reporting Service"
time="2024-09-18T22:00:05+05:00" level=info msg="Service clients initialized"
time="2024-09-18T22:00:05+05:00" level=info msg="Starting API Gateway on address::9000"
time="2024-09-18T22:00:05+05:00" level=info msg="Starting API Gateway on: :9000"
time="2024-09-18T22:03:15+05:00" level=info msg="Received signal:interrupt"
time="2024-09-18T22:03:15+05:00" level=fatal msg="http: Server closed"
time="2024-09-18T22:36:50+05:00" level=info msg="Configuration loaded successfully"
time="2024-09-18T22:36:50+05:00" level=info msg="Connected to User Service"
time="2024-09-18T22:36:50+05:00" level=info msg="Connected to Income Expense Service"
time="2024-09-18T22:36:50+05:00" level=info msg="Connected to Budget Service"
time="2024-09-18T22:36:50+05:00" level=info msg="Connected to Reporting Service"
time="2024-09-18T22:36:50+05:00" level=info msg="Service clients initialized"
time="2024-09-18T22:36:50+05:00" level=info msg="Starting API Gateway on address::9000"
time="2024-09-18T22:36:50+05:00" level=info msg="Starting API Gateway on: :9000"
time="2024-09-18T22:37:24+05:00" level=info msg="Authorization header:"
time="2024-09-18T22:37:24+05:00" level=info msg="Request URL:/api/v1/users"
time="2024-09-18T22:39:09+05:00" level=info msg="Received signal:interrupt"
time="2024-09-18T22:39:09+05:00" level=fatal msg="http: Server closed"
time="2024-09-18T22:39:12+05:00" level=info msg="Configuration loaded successfully"
time="2024-09-18T22:39:12+05:00" level=info msg="Connected to User Service"
time="2024-09-18T22:39:12+05:00" level=info msg="Connected to Income Expense Service"
time="2024-09-18T22:39:12+05:00" level=info msg="Connected to Budget Service"
time="2024-09-18T22:39:12+05:00" level=info msg="Connected to Reporting Service"
time="2024-09-18T22:39:12+05:00" level=info msg="Service clients initialized"
time="2024-09-18T22:39:12+05:00" level=info msg="Starting API Gateway on address::9000"
time="2024-09-18T22:39:12+05:00" level=info msg="Starting API Gateway on: :9000"
time="2024-09-18T22:39:18+05:00" level=info msg="Authorization header:"
time="2024-09-18T22:39:18+05:00" level=info msg="Request URL:/api/v1/users"
time="2024-09-18T22:39:31+05:00" level=info msg="Received signal:interrupt"
time="2024-09-18T22:39:31+05:00" level=fatal msg="http: Server closed"
time="2024-09-18T22:39:33+05:00" level=info msg="Configuration loaded successfully"
time="2024-09-18T22:39:33+05:00" level=info msg="Connected to User Service"
time="2024-09-18T22:39:33+05:00" level=info msg="Connected to Income Expense Service"
time="2024-09-18T22:39:33+05:00" level=info msg="Connected to Budget Service"
time="2024-09-18T22:39:33+05:00" level=info msg="Connected to Reporting Service"
time="2024-09-18T22:39:33+05:00" level=info msg="Service clients initialized"
time="2024-09-18T22:39:33+05:00" level=info msg="Starting API Gateway on address::9000"
time="2024-09-18T22:39:33+05:00" level=info msg="Starting API Gateway on: :9000"
time="2024-09-18T22:39:35+05:00" level=info msg="Authorization header:"
time="2024-09-18T22:39:35+05:00" level=info msg="Request URL:/api/v1/users"
time="2024-09-18T22:39:46+05:00" level=info msg="Received signal:interrupt"
time="2024-09-18T22:39:46+05:00" level=fatal msg="http: Server closed"
time="2024-09-18T22:39:48+05:00" level=info msg="Configuration loaded successfully"
time="2024-09-18T22:39:48+05:00" level=info msg="Connected to User Service"
time="2024-09-18T22:39:48+05:00" level=info msg="Connected to Income Expense Service"
time="2024-09-18T22:39:48+05:00" level=info msg="Connected to Budget Service"
time="2024-09-18T22:39:48+05:00" level=info msg="Connected to Reporting Service"
time="2024-09-18T22:39:48+05:00" level=info msg="Service clients initialized"
time="2024-09-18T22:39:48+05:00" level=info msg="Starting API Gateway on address::9000"
time="2024-09-18T22:39:48+05:00" level=info msg="Starting API Gateway on: :9000"
time="2024-09-18T22:39:50+05:00" level=info msg="Authorization header:"
time="2024-09-18T22:39:50+05:00" level=info msg="Request URL:/api/v1/users"
time="2024-09-18T22:41:04+05:00" level=info msg="Authorization header:"
time="2024-09-18T22:41:04+05:00" level=info msg="Request URL:/api/v1/users"
time="2024-09-18T22:41:18+05:00" level=info msg="Authorization header:"
time="2024-09-18T22:41:18+05:00" level=info msg="Request URL:/api/v1/users"
time="2024-09-18T22:41:27+05:00" level=info msg="Authorization header:"
time="2024-09-18T22:41:27+05:00" level=info msg="Request URL:/api/v1/users"
time="2024-09-18T22:41:37+05:00" level=info msg="Authorization header:"
time="2024-09-18T22:41:37+05:00" level=info msg="Request URL:/api/v1/users"
time="2024-09-18T22:41:48+05:00" level=info msg="Authorization header:"
time="2024-09-18T22:41:48+05:00" level=info msg="Request URL:/api/v1/users"
time="2024-09-18T22:42:25+05:00" level=info msg="Authorization header:"
time="2024-09-18T22:42:25+05:00" level=info msg="Request URL:/api/v1/users"
time="2024-09-18T22:43:16+05:00" level=info msg="Authorization header:"
time="2024-09-18T22:43:16+05:00" level=info msg="Request URL:/api/v1/users"
time="2024-09-18T22:43:56+05:00" level=info msg="Received signal:interrupt"
time="2024-09-18T22:43:56+05:00" level=fatal msg="http: Server closed"
time="2024-09-18T22:43:59+05:00" level=info msg="Configuration loaded successfully"
time="2024-09-18T22:43:59+05:00" level=info msg="Connected to User Service"
time="2024-09-18T22:43:59+05:00" level=info msg="Connected to Income Expense Service"
time="2024-09-18T22:43:59+05:00" level=info msg="Connected to Budget Service"
time="2024-09-18T22:43:59+05:00" level=info msg="Connected to Reporting Service"
time="2024-09-18T22:43:59+05:00" level=info msg="Service clients initialized"
time="2024-09-18T22:43:59+05:00" level=info msg="Starting API Gateway on address::9000"
time="2024-09-18T22:43:59+05:00" level=info msg="Starting API Gateway on: :9000"
time="2024-09-18T22:44:02+05:00" level=info msg="Authorization header:"
time="2024-09-18T22:44:02+05:00" level=info msg="Request URL:/api/v1/users"
time="2024-09-18T22:44:23+05:00" level=info msg="Received signal:interrupt"
time="2024-09-18T22:44:23+05:00" level=fatal msg="http: Server closed"
time="2024-09-18T22:44:25+05:00" level=info msg="Configuration loaded successfully"
time="2024-09-18T22:44:25+05:00" level=info msg="Connected to User Service"
time="2024-09-18T22:44:25+05:00" level=info msg="Connected to Income Expense Service"
time="2024-09-18T22:44:25+05:00" level=info msg="Connected to Budget Service"
time="2024-09-18T22:44:25+05:00" level=info msg="Connected to Reporting Service"
time="2024-09-18T22:44:25+05:00" level=info msg="Service clients initialized"
time="2024-09-18T22:44:25+05:00" level=info msg="Starting API Gateway on address::9000"
time="2024-09-18T22:44:25+05:00" level=info msg="Starting API Gateway on: :9000"
time="2024-09-18T22:45:17+05:00" level=info msg="Received signal:interrupt"
time="2024-09-18T22:45:17+05:00" level=fatal msg="http: Server closed"
time="2024-09-18T22:45:26+05:00" level=info msg="Configuration loaded successfully"
time="2024-09-18T22:45:26+05:00" level=info msg="Connected to User Service"
time="2024-09-18T22:45:26+05:00" level=info msg="Connected to Income Expense Service"
time="2024-09-18T22:45:26+05:00" level=info msg="Connected to Budget Service"
time="2024-09-18T22:45:26+05:00" level=info msg="Connected to Reporting Service"
time="2024-09-18T22:45:26+05:00" level=info msg="Service clients initialized"
time="2024-09-18T22:45:26+05:00" level=info msg="Starting API Gateway on address::9000"
time="2024-09-18T22:45:26+05:00" level=info msg="Starting API Gateway on: :9000"
time="2024-09-18T22:45:56+05:00" level=info msg="Authorization header:"
time="2024-09-18T22:45:56+05:00" level=info msg="Request URL:/api/v1/users"
time="2024-09-18T22:46:20+05:00" level=info msg="Authorization header:"
time="2024-09-18T22:46:20+05:00" level=info msg="Request URL:/api/v1/users"
time="2024-09-18T22:46:36+05:00" level=info msg="Authorization header:"
time="2024-09-18T22:46:36+05:00" level=info msg="Request URL:/api/v1/users"
time="2024-09-18T22:48:08+05:00" level=info msg="Authorization header:"
time="2024-09-18T22:48:08+05:00" level=info msg="Request URL:/api/v1/users"
time="2024-09-18T22:48:33+05:00" level=info msg="Authorization header:"
time="2024-09-18T22:48:33+05:00" level=info msg="Request URL:/api/v1/users"
time="2024-09-18T22:49:29+05:00" level=info msg="Authorization header:"
time="2024-09-18T22:49:29+05:00" level=info msg="Request URL:/api/v1/users"
time="2024-09-18T22:50:02+05:00" level=info msg="Authorization header:"
time="2024-09-18T22:50:02+05:00" level=info msg="Request URL:/api/v1/users"
time="2024-09-18T22:50:18+05:00" level=info msg="Authorization header:"
time="2024-09-18T22:50:18+05:00" level=info msg="Request URL:/api/v1/users"
time="2024-09-18T22:50:28+05:00" level=info msg="Authorization header:"
time="2024-09-18T22:50:28+05:00" level=info msg="Request URL:/api/v1/users"
time="2024-09-18T22:50:33+05:00" level=error msg="RegisterUser: Service error - rpc error: code = Unavailable desc = error reading from server: EOF"
time="2024-09-18T22:50:36+05:00" level=info msg="Authorization header:"
time="2024-09-18T22:50:36+05:00" level=info msg="Request URL:/api/v1/users"
time="2024-09-18T22:50:44+05:00" level=info msg="Authorization header:"
time="2024-09-18T22:50:44+05:00" level=info msg="Request URL:/api/v1/users"
time="2024-09-18T22:51:03+05:00" level=info msg="Authorization header:"
time="2024-09-18T22:51:03+05:00" level=info msg="Request URL:/api/v1/users"
time="2024-09-18T22:51:05+05:00" level=error msg="RegisterUser: Service error - rpc error: code = Unavailable desc = error reading from server: EOF"
time="2024-09-18T22:51:19+05:00" level=info msg="Authorization header:"
time="2024-09-18T22:51:19+05:00" level=info msg="Request URL:/api/v1/users"
time="2024-09-18T22:51:43+05:00" level=info msg="Authorization header:"
time="2024-09-18T22:51:43+05:00" level=info msg="Request URL:/api/v1/users"
time="2024-09-18T22:52:13+05:00" level=info msg="Received signal:interrupt"
time="2024-09-18T22:52:13+05:00" level=fatal msg="http: Server closed"
time="2024-09-18T22:52:16+05:00" level=info msg="Configuration loaded successfully"
time="2024-09-18T22:52:16+05:00" level=info msg="Connected to User Service"
time="2024-09-18T22:52:16+05:00" level=info msg="Connected to Income Expense Service"
time="2024-09-18T22:52:16+05:00" level=info msg="Connected to Budget Service"
time="2024-09-18T22:52:16+05:00" level=info msg="Connected to Reporting Service"
time="2024-09-18T22:52:16+05:00" level=info msg="Service clients initialized"
time="2024-09-18T22:52:16+05:00" level=info msg="Starting API Gateway on address::9000"
time="2024-09-18T22:52:16+05:00" level=info msg="Starting API Gateway on: :9000"
time="2024-09-18T22:52:17+05:00" level=info msg="Authorization header:"
time="2024-09-18T22:52:17+05:00" level=info msg="Request URL:/api/v1/users"
time="2024-09-18T22:54:33+05:00" level=info msg="Received signal:interrupt"
time="2024-09-18T22:54:33+05:00" level=fatal msg="http: Server closed"
time="2024-09-18T22:54:36+05:00" level=info msg="Configuration loaded successfully"
time="2024-09-18T22:54:36+05:00" level=info msg="Connected to User Service"
time="2024-09-18T22:54:36+05:00" level=info msg="Connected to Income Expense Service"
time="2024-09-18T22:54:36+05:00" level=info msg="Connected to Budget Service"
time="2024-09-18T22:54:36+05:00" level=info msg="Connected to Reporting Service"
time="2024-09-18T22:54:36+05:00" level=info msg="Service clients initialized"
time="2024-09-18T22:54:36+05:00" level=info msg="Starting API Gateway on address::9000"
time="2024-09-18T22:54:36+05:00" level=info msg="Starting API Gateway on: :9000"
time="2024-09-18T22:54:41+05:00" level=info msg="Authorization header:"
time="2024-09-18T22:54:41+05:00" level=info msg="Request URL:/api/v1/users"
time="2024-09-18T22:55:27+05:00" level=info msg="Authorization header:"
time="2024-09-18T22:55:27+05:00" level=info msg="Request URL:/api/v1/users/login"
time="2024-09-18T22:55:27+05:00" level=error msg="LoginUser: Service error - rpc error: code = Unknown desc = sql: no rows in result set"
time="2024-09-18T22:56:16+05:00" level=info msg="Authorization header:"
time="2024-09-18T22:56:16+05:00" level=info msg="Request URL:/api/v1/users"
time="2024-09-18T22:56:45+05:00" level=info msg="Authorization header:"
time="2024-09-18T22:56:45+05:00" level=info msg="Request URL:/api/v1/users/verify"
time="2024-09-18T22:58:41+05:00" level=info msg="Received signal:interrupt"
time="2024-09-18T22:58:41+05:00" level=fatal msg="http: Server closed"
time="2024-09-18T22:58:45+05:00" level=info msg="Configuration loaded successfully"
time="2024-09-18T22:58:45+05:00" level=info msg="Connected to User Service"
time="2024-09-18T22:58:45+05:00" level=info msg="Connected to Income Expense Service"
time="2024-09-18T22:58:45+05:00" level=info msg="Connected to Budget Service"
time="2024-09-18T22:58:45+05:00" level=info msg="Connected to Reporting Service"
time="2024-09-18T22:58:45+05:00" level=info msg="Service clients initialized"
time="2024-09-18T22:58:45+05:00" level=info msg="Starting API Gateway on address::9000"
time="2024-09-18T22:58:45+05:00" level=info msg="Starting API Gateway on: :9000"
time="2024-09-18T22:58:56+05:00" level=info msg="Authorization header:"
time="2024-09-18T22:58:56+05:00" level=info msg="Request URL:/api/v1/users"
time="2024-09-18T22:59:16+05:00" level=info msg="Authorization header:"
time="2024-09-18T22:59:16+05:00" level=info msg="Request URL:/api/v1/users/verify"
time="2024-09-18T22:59:16+05:00" level=info msg="VerifyUser: Successfully verified user - Email: bekzodnematov709@gmail.com"
time="2024-09-18T23:00:16+05:00" level=info msg="Authorization header:"
time="2024-09-18T23:00:16+05:00" level=info msg="Request URL:/api/v1/users/login"
time="2024-09-18T23:00:16+05:00" level=info msg="LoginUser: Successfully logged in user - eyJhbGciOiJIUzI1NiIsInR5cCI6IkpXVCJ9.eyJleHAiOjE3MjY2ODYwMTYsImlkIjoiMWI0OTNkN2YtMzBlNC00OGNhLWEwODgtZjdmNjViZTNmM2E3In0.GmrKgk5GVFCvpJ70VnUvc4GxrKQbincaVqcS-axcv9I"
time="2024-09-18T23:05:20+05:00" level=info msg="Authorization header:"
time="2024-09-18T23:05:20+05:00" level=info msg="Request URL:/api/v1/users/profile/1b493d7f-30e4-48ca-a088-f7f65be3f3a7"
time="2024-09-18T23:07:42+05:00" level=info msg="Authorization header:"
time="2024-09-18T23:07:42+05:00" level=info msg="Request URL:/api/v1/users/profile/1b493d7f-30e4-48ca-a088-f7f65be3f3a7"
time="2024-09-18T23:09:36+05:00" level=info msg="Received signal:interrupt"
time="2024-09-18T23:09:36+05:00" level=fatal msg="http: Server closed"
time="2024-09-18T23:09:38+05:00" level=info msg="Configuration loaded successfully"
time="2024-09-18T23:09:38+05:00" level=info msg="Connected to User Service"
time="2024-09-18T23:09:38+05:00" level=info msg="Connected to Income Expense Service"
time="2024-09-18T23:09:38+05:00" level=info msg="Connected to Budget Service"
time="2024-09-18T23:09:38+05:00" level=info msg="Connected to Reporting Service"
time="2024-09-18T23:09:38+05:00" level=info msg="Service clients initialized"
time="2024-09-18T23:09:38+05:00" level=info msg="Starting API Gateway on address::9000"
time="2024-09-18T23:09:38+05:00" level=info msg="Starting API Gateway on: :9000"
time="2024-09-18T23:09:46+05:00" level=info msg="Authorization header:"
time="2024-09-18T23:09:46+05:00" level=info msg="Request URL:/api/v1/users/login"
time="2024-09-18T23:09:46+05:00" level=info msg="LoginUser: Successfully logged in user - eyJhbGciOiJIUzI1NiIsInR5cCI6IkpXVCJ9.eyJleHAiOjE3MjY2ODY1ODYsImlkIjoiMWI0OTNkN2YtMzBlNC00OGNhLWEwODgtZjdmNjViZTNmM2E3In0.6L0wY7yaBCVogzvkRdphnTUaN--oXVoHretTvAJ51rM"
time="2024-09-18T23:10:21+05:00" level=info msg="Authorization header:"
time="2024-09-18T23:10:21+05:00" level=info msg="Request URL:/api/v1/users/profile/1b493d7f-30e4-48ca-a088-f7f65be3f3a7"
time="2024-09-18T23:14:37+05:00" level=info msg="Received signal:interrupt"
time="2024-09-18T23:14:37+05:00" level=fatal msg="http: Server closed"
time="2024-09-18T23:14:52+05:00" level=info msg="Configuration loaded successfully"
time="2024-09-18T23:14:52+05:00" level=info msg="Connected to User Service"
time="2024-09-18T23:14:52+05:00" level=info msg="Connected to Income Expense Service"
time="2024-09-18T23:14:52+05:00" level=info msg="Connected to Budget Service"
time="2024-09-18T23:14:52+05:00" level=info msg="Connected to Reporting Service"
time="2024-09-18T23:14:52+05:00" level=info msg="Service clients initialized"
time="2024-09-18T23:14:52+05:00" level=info msg="Starting API Gateway on address::9000"
time="2024-09-18T23:14:52+05:00" level=info msg="Starting API Gateway on: :9000"
time="2024-09-18T23:15:38+05:00" level=info msg="Received signal:interrupt"
time="2024-09-18T23:15:38+05:00" level=fatal msg="http: Server closed"
time="2024-09-18T23:15:41+05:00" level=info msg="Configuration loaded successfully"
time="2024-09-18T23:15:41+05:00" level=info msg="Connected to User Service"
time="2024-09-18T23:15:41+05:00" level=info msg="Connected to Income Expense Service"
time="2024-09-18T23:15:41+05:00" level=info msg="Connected to Budget Service"
time="2024-09-18T23:15:41+05:00" level=info msg="Connected to Reporting Service"
time="2024-09-18T23:15:41+05:00" level=info msg="Service clients initialized"
time="2024-09-18T23:15:41+05:00" level=info msg="Starting API Gateway on address::9000"
time="2024-09-18T23:15:41+05:00" level=info msg="Starting API Gateway on: :9000"
time="2024-09-18T23:15:51+05:00" level=info msg="Received signal:interrupt"
time="2024-09-18T23:15:51+05:00" level=fatal msg="http: Server closed"
time="2024-09-18T23:15:57+05:00" level=info msg="Configuration loaded successfully"
time="2024-09-18T23:15:57+05:00" level=info msg="Connected to User Service"
time="2024-09-18T23:15:57+05:00" level=info msg="Connected to Income Expense Service"
time="2024-09-18T23:15:57+05:00" level=info msg="Connected to Budget Service"
time="2024-09-18T23:15:57+05:00" level=info msg="Connected to Reporting Service"
time="2024-09-18T23:15:57+05:00" level=info msg="Service clients initialized"
time="2024-09-18T23:15:57+05:00" level=info msg="Starting API Gateway on address::9000"
time="2024-09-18T23:15:57+05:00" level=info msg="Starting API Gateway on: :9000"
time="2024-09-18T23:16:13+05:00" level=info msg="Authorization header:"
time="2024-09-18T23:16:13+05:00" level=info msg="Request URL:/api/v1/users/login"
time="2024-09-18T23:16:13+05:00" level=info msg="LoginUser: Successfully logged in user - eyJhbGciOiJIUzI1NiIsInR5cCI6IkpXVCJ9.eyJleHAiOjE3MjY2ODY5NzMsImlkIjoiMWI0OTNkN2YtMzBlNC00OGNhLWEwODgtZjdmNjViZTNmM2E3In0.Ms0zNDVDvgdzdLI3VxW6JATGYwgKcTDsm3uYnpL_XUM"
time="2024-09-18T23:16:36+05:00" level=info msg="Authorization header:"
time="2024-09-18T23:16:36+05:00" level=info msg="Request URL:/api/v1/users/profile/1b493d7f-30e4-48ca-a088-f7f65be3f3a7"
time="2024-09-18T23:19:46+05:00" level=info msg="Received signal:interrupt"
time="2024-09-18T23:19:46+05:00" level=fatal msg="http: Server closed"
time="2024-09-18T23:19:58+05:00" level=info msg="Configuration loaded successfully"
time="2024-09-18T23:19:58+05:00" level=info msg="Connected to User Service"
time="2024-09-18T23:19:58+05:00" level=info msg="Connected to Income Expense Service"
time="2024-09-18T23:19:58+05:00" level=info msg="Connected to Budget Service"
time="2024-09-18T23:19:58+05:00" level=info msg="Connected to Reporting Service"
time="2024-09-18T23:19:58+05:00" level=info msg="Service clients initialized"
time="2024-09-18T23:19:58+05:00" level=info msg="Starting API Gateway on address::9000"
time="2024-09-18T23:19:58+05:00" level=info msg="Starting API Gateway on: :9000"
time="2024-09-18T23:20:16+05:00" level=info msg="Authorization header:"
time="2024-09-18T23:20:16+05:00" level=info msg="Request URL:/api/v1/users/login"
time="2024-09-18T23:20:16+05:00" level=info msg="LoginUser: Successfully logged in user - eyJhbGciOiJIUzI1NiIsInR5cCI6IkpXVCJ9.eyJleHAiOjE3MjY2ODcyMTYsImlkIjoiMWI0OTNkN2YtMzBlNC00OGNhLWEwODgtZjdmNjViZTNmM2E3In0.5RVnf_c3vUH6bguwD1773gXUNKphJpfup5TRr3EhUS4"
time="2024-09-18T23:20:34+05:00" level=info msg="Authorization header:Bearer eyJhbGciOiJIUzI1NiIsInR5cCI6IkpXVCJ9.eyJleHAiOjE3MjY2ODcyMTYsImlkIjoiMWI0OTNkN2YtMzBlNC00OGNhLWEwODgtZjdmNjViZTNmM2E3In0.5RVnf_c3vUH6bguwD1773gXUNKphJpfup5TRr3EhUS4"
time="2024-09-18T23:20:34+05:00" level=info msg="Request URL:/api/v1/reports/income-expense"
time="2024-09-18T23:21:09+05:00" level=info msg="Authorization header:"
time="2024-09-18T23:21:09+05:00" level=info msg="Request URL:/api/v1/users/profile/1b493d7f-30e4-48ca-a088-f7f65be3f3a7"
time="2024-09-18T23:22:58+05:00" level=info msg="Received signal:interrupt"
time="2024-09-18T23:22:58+05:00" level=fatal msg="http: Server closed"
time="2024-09-18T23:23:14+05:00" level=info msg="Configuration loaded successfully"
time="2024-09-18T23:23:14+05:00" level=info msg="Connected to User Service"
time="2024-09-18T23:23:14+05:00" level=info msg="Connected to Income Expense Service"
time="2024-09-18T23:23:14+05:00" level=info msg="Connected to Budget Service"
time="2024-09-18T23:23:14+05:00" level=info msg="Connected to Reporting Service"
time="2024-09-18T23:23:14+05:00" level=info msg="Service clients initialized"
time="2024-09-18T23:23:14+05:00" level=info msg="Starting API Gateway on address::9000"
time="2024-09-18T23:23:14+05:00" level=info msg="Starting API Gateway on: :9000"
time="2024-09-18T23:23:35+05:00" level=info msg="Authorization header:"
time="2024-09-18T23:23:35+05:00" level=info msg="Request URL:/api/v1/users/login"
time="2024-09-18T23:23:35+05:00" level=info msg="LoginUser: Successfully logged in user - eyJhbGciOiJIUzI1NiIsInR5cCI6IkpXVCJ9.eyJleHAiOjE3MjY2ODc0MTUsImlkIjoiMWI0OTNkN2YtMzBlNC00OGNhLWEwODgtZjdmNjViZTNmM2E3In0.sI8GDvsC9P7e01vX7XAmQGUC9IiIE9tUWRIwJf5CCcY"
time="2024-09-18T23:23:57+05:00" level=info msg="Authorization header:Bearer eyJhbGciOiJIUzI1NiIsInR5cCI6IkpXVCJ9.eyJleHAiOjE3MjY2ODc0MTUsImlkIjoiMWI0OTNkN2YtMzBlNC00OGNhLWEwODgtZjdmNjViZTNmM2E3In0.sI8GDvsC9P7e01vX7XAmQGUC9IiIE9tUWRIwJf5CCcY"
time="2024-09-18T23:23:57+05:00" level=info msg="Request URL:/api/v1/users/profile/1b493d7f-30e4-48ca-a088-f7f65be3f3a7"
time="2024-09-18T23:29:41+05:00" level=info msg="Received signal:interrupt"
time="2024-09-18T23:29:41+05:00" level=fatal msg="http: Server closed"
time="2024-09-18T23:29:54+05:00" level=info msg="Configuration loaded successfully"
time="2024-09-18T23:29:54+05:00" level=info msg="Connected to User Service"
time="2024-09-18T23:29:54+05:00" level=info msg="Connected to Income Expense Service"
time="2024-09-18T23:29:54+05:00" level=info msg="Connected to Budget Service"
time="2024-09-18T23:29:54+05:00" level=info msg="Connected to Reporting Service"
time="2024-09-18T23:29:54+05:00" level=info msg="Service clients initialized"
time="2024-09-18T23:29:54+05:00" level=info msg="Starting API Gateway on address::9000"
time="2024-09-18T23:29:54+05:00" level=info msg="Starting API Gateway on: :9000"
time="2024-09-18T23:30:27+05:00" level=info msg="Authorization header:"
time="2024-09-18T23:30:27+05:00" level=info msg="Request URL:/api/v1/users/login"
time="2024-09-18T23:30:27+05:00" level=info msg="LoginUser: Successfully logged in user - eyJhbGciOiJIUzI1NiIsInR5cCI6IkpXVCJ9.eyJleHAiOjE3MjY2ODc4MjcsImlkIjoiMWI0OTNkN2YtMzBlNC00OGNhLWEwODgtZjdmNjViZTNmM2E3In0.6eHszld2bMWU22ElIN-D-Bz_MCKuH3ACO8XCEfb7wHo"
time="2024-09-18T23:30:48+05:00" level=info msg="Authorization header:Bearer eyJhbGciOiJIUzI1NiIsInR5cCI6IkpXVCJ9.eyJleHAiOjE3MjY2ODc4MjcsImlkIjoiMWI0OTNkN2YtMzBlNC00OGNhLWEwODgtZjdmNjViZTNmM2E3In0.6eHszld2bMWU22ElIN-D-Bz_MCKuH3ACO8XCEfb7wHo"
time="2024-09-18T23:30:48+05:00" level=info msg="Request URL:/api/v1/users/profile/1b493d7f-30e4-48ca-a088-f7f65be3f3a7"
time="2024-09-18T23:33:54+05:00" level=info msg="Received signal:interrupt"
time="2024-09-18T23:33:54+05:00" level=fatal msg="http: Server closed"
time="2024-09-18T23:34:03+05:00" level=info msg="Configuration loaded successfully"
time="2024-09-18T23:34:03+05:00" level=info msg="Connected to User Service"
time="2024-09-18T23:34:03+05:00" level=info msg="Connected to Income Expense Service"
time="2024-09-18T23:34:03+05:00" level=info msg="Connected to Budget Service"
time="2024-09-18T23:34:03+05:00" level=info msg="Connected to Reporting Service"
time="2024-09-18T23:34:03+05:00" level=info msg="Service clients initialized"
time="2024-09-18T23:34:03+05:00" level=info msg="Starting API Gateway on address::9000"
time="2024-09-18T23:34:03+05:00" level=info msg="Starting API Gateway on: :9000"
time="2024-09-18T23:34:05+05:00" level=info msg="Authorization header:Bearer eyJhbGciOiJIUzI1NiIsInR5cCI6IkpXVCJ9.eyJleHAiOjE3MjY2ODc4MjcsImlkIjoiMWI0OTNkN2YtMzBlNC00OGNhLWEwODgtZjdmNjViZTNmM2E3In0.6eHszld2bMWU22ElIN-D-Bz_MCKuH3ACO8XCEfb7wHo"
time="2024-09-18T23:34:05+05:00" level=info msg="Request URL:/api/v1/users/profile/1b493d7f-30e4-48ca-a088-f7f65be3f3a7"
time="2024-09-18T23:34:05+05:00" level=error msg="Token extraction error:signature is invalid"
time="2024-09-18T23:34:06+05:00" level=info msg="Authorization header:Bearer eyJhbGciOiJIUzI1NiIsInR5cCI6IkpXVCJ9.eyJleHAiOjE3MjY2ODc4MjcsImlkIjoiMWI0OTNkN2YtMzBlNC00OGNhLWEwODgtZjdmNjViZTNmM2E3In0.6eHszld2bMWU22ElIN-D-Bz_MCKuH3ACO8XCEfb7wHo"
time="2024-09-18T23:34:06+05:00" level=info msg="Request URL:/api/v1/users/profile/1b493d7f-30e4-48ca-a088-f7f65be3f3a7"
time="2024-09-18T23:34:06+05:00" level=error msg="Token extraction error:signature is invalid"
time="2024-09-18T23:34:20+05:00" level=info msg="Authorization header:"
time="2024-09-18T23:34:20+05:00" level=info msg="Request URL:/api/v1/users/login"
time="2024-09-18T23:34:21+05:00" level=info msg="LoginUser: Successfully logged in user - eyJhbGciOiJIUzI1NiIsInR5cCI6IkpXVCJ9.eyJleHAiOjE3MjY2ODgwNjEsImlkIjoiMWI0OTNkN2YtMzBlNC00OGNhLWEwODgtZjdmNjViZTNmM2E3In0.4UoNNSf9HQFXmlHiJq_1bZSW4XQtiWI2VxUW8GRxp2Q"
time="2024-09-18T23:34:46+05:00" level=info msg="Authorization header:Bearer eyJhbGciOiJIUzI1NiIsInR5cCI6IkpXVCJ9.eyJleHAiOjE3MjY2ODgwNjEsImlkIjoiMWI0OTNkN2YtMzBlNC00OGNhLWEwODgtZjdmNjViZTNmM2E3In0.4UoNNSf9HQFXmlHiJq_1bZSW4XQtiWI2VxUW8GRxp2Q"
time="2024-09-18T23:34:46+05:00" level=info msg="Request URL:/api/v1/users/profile/1b493d7f-30e4-48ca-a088-f7f65be3f3a7"
time="2024-09-18T23:34:46+05:00" level=error msg="Token extraction error:signature is invalid"
time="2024-09-18T23:38:40+05:00" level=info msg="Received signal:interrupt"
time="2024-09-18T23:38:40+05:00" level=fatal msg="http: Server closed"
time="2024-09-18T23:38:51+05:00" level=info msg="Configuration loaded successfully"
time="2024-09-18T23:38:51+05:00" level=info msg="Connected to User Service"
time="2024-09-18T23:38:51+05:00" level=info msg="Connected to Income Expense Service"
time="2024-09-18T23:38:51+05:00" level=info msg="Connected to Budget Service"
time="2024-09-18T23:38:51+05:00" level=info msg="Connected to Reporting Service"
time="2024-09-18T23:38:51+05:00" level=info msg="Service clients initialized"
time="2024-09-18T23:38:51+05:00" level=info msg="Starting API Gateway on address::9000"
time="2024-09-18T23:38:51+05:00" level=info msg="Starting API Gateway on: :9000"
time="2024-09-18T23:39:14+05:00" level=info msg="Authorization header:"
time="2024-09-18T23:39:14+05:00" level=info msg="Request URL:/api/v1/users/login"
time="2024-09-18T23:39:14+05:00" level=info msg="LoginUser: Successfully logged in user - eyJhbGciOiJIUzI1NiIsInR5cCI6IkpXVCJ9.eyJleHAiOjE3MjY2ODgzNTQsImlkIjoiMWI0OTNkN2YtMzBlNC00OGNhLWEwODgtZjdmNjViZTNmM2E3In0.apzE1Zy2KiLISDegCCWGPiO2ann8kBjiyC9TSSoHyHE"
time="2024-09-18T23:39:38+05:00" level=info msg="Authorization header:Bearer eyJhbGciOiJIUzI1NiIsInR5cCI6IkpXVCJ9.eyJleHAiOjE3MjY2ODgzNTQsImlkIjoiMWI0OTNkN2YtMzBlNC00OGNhLWEwODgtZjdmNjViZTNmM2E3In0.apzE1Zy2KiLISDegCCWGPiO2ann8kBjiyC9TSSoHyHE"
time="2024-09-18T23:39:38+05:00" level=info msg="Request URL:/api/v1/users/profile/1b493d7f-30e4-48ca-a088-f7f65be3f3a7"
time="2024-09-18T23:42:11+05:00" level=info msg="Received signal:interrupt"
time="2024-09-18T23:42:11+05:00" level=fatal msg="http: Server closed"
time="2024-09-18T23:44:44+05:00" level=info msg="Configuration loaded successfully"
time="2024-09-18T23:44:44+05:00" level=info msg="Connected to User Service"
time="2024-09-18T23:44:44+05:00" level=info msg="Connected to Income Expense Service"
time="2024-09-18T23:44:44+05:00" level=info msg="Connected to Budget Service"
time="2024-09-18T23:44:44+05:00" level=info msg="Connected to Reporting Service"
time="2024-09-18T23:44:44+05:00" level=info msg="Service clients initialized"
time="2024-09-18T23:44:44+05:00" level=info msg="Starting API Gateway on address::9000"
time="2024-09-18T23:44:44+05:00" level=info msg="Starting API Gateway on: :9000"
time="2024-09-18T23:45:10+05:00" level=info msg="Authorization header:"
time="2024-09-18T23:45:10+05:00" level=info msg="Request URL:/api/v1/users/login"
time="2024-09-18T23:45:10+05:00" level=info msg="LoginUser: Successfully logged in user - eyJhbGciOiJIUzI1NiIsInR5cCI6IkpXVCJ9.eyJleHAiOjE3MjY2ODg3MTAsImlkIjoiMWI0OTNkN2YtMzBlNC00OGNhLWEwODgtZjdmNjViZTNmM2E3In0.SdHSoBpQ0ZGsfaWqZHX66Rm2wg_-kA5rO8FRUCy3aMg"
time="2024-09-18T23:45:28+05:00" level=info msg="Authorization header:Bearer eyJhbGciOiJIUzI1NiIsInR5cCI6IkpXVCJ9.eyJleHAiOjE3MjY2ODg3MTAsImlkIjoiMWI0OTNkN2YtMzBlNC00OGNhLWEwODgtZjdmNjViZTNmM2E3In0.SdHSoBpQ0ZGsfaWqZHX66Rm2wg_-kA5rO8FRUCy3aMg"
time="2024-09-18T23:45:28+05:00" level=info msg="Request URL:/api/v1/users/profile/1b493d7f-30e4-48ca-a088-f7f65be3f3a7"
time="2024-09-18T23:46:10+05:00" level=info msg="Received signal:interrupt"
time="2024-09-18T23:46:10+05:00" level=fatal msg="http: Server closed"
time="2024-09-18T23:46:13+05:00" level=info msg="Configuration loaded successfully"
time="2024-09-18T23:46:13+05:00" level=info msg="Connected to User Service"
time="2024-09-18T23:46:13+05:00" level=info msg="Connected to Income Expense Service"
time="2024-09-18T23:46:13+05:00" level=info msg="Connected to Budget Service"
time="2024-09-18T23:46:13+05:00" level=info msg="Connected to Reporting Service"
time="2024-09-18T23:46:13+05:00" level=info msg="Service clients initialized"
time="2024-09-18T23:46:13+05:00" level=info msg="Starting API Gateway on address::9000"
time="2024-09-18T23:46:13+05:00" level=info msg="Starting API Gateway on: :9000"
time="2024-09-18T23:46:18+05:00" level=info msg="Authorization header:Bearer eyJhbGciOiJIUzI1NiIsInR5cCI6IkpXVCJ9.eyJleHAiOjE3MjY2ODg3MTAsImlkIjoiMWI0OTNkN2YtMzBlNC00OGNhLWEwODgtZjdmNjViZTNmM2E3In0.SdHSoBpQ0ZGsfaWqZHX66Rm2wg_-kA5rO8FRUCy3aMg"
time="2024-09-18T23:46:18+05:00" level=info msg="Request URL:/api/v1/users/profile/1b493d7f-30e4-48ca-a088-f7f65be3f3a7"
time="2024-09-18T23:46:23+05:00" level=info msg="Received signal:interrupt"
time="2024-09-18T23:46:23+05:00" level=fatal msg="http: Server closed"
time="2024-09-18T23:46:25+05:00" level=info msg="Configuration loaded successfully"
time="2024-09-18T23:46:25+05:00" level=info msg="Connected to User Service"
time="2024-09-18T23:46:25+05:00" level=info msg="Connected to Income Expense Service"
time="2024-09-18T23:46:25+05:00" level=info msg="Connected to Budget Service"
time="2024-09-18T23:46:25+05:00" level=info msg="Connected to Reporting Service"
time="2024-09-18T23:46:25+05:00" level=info msg="Service clients initialized"
time="2024-09-18T23:46:25+05:00" level=info msg="Starting API Gateway on address::9000"
time="2024-09-18T23:46:25+05:00" level=info msg="Starting API Gateway on: :9000"
time="2024-09-18T23:46:27+05:00" level=info msg="Authorization header:Bearer eyJhbGciOiJIUzI1NiIsInR5cCI6IkpXVCJ9.eyJleHAiOjE3MjY2ODg3MTAsImlkIjoiMWI0OTNkN2YtMzBlNC00OGNhLWEwODgtZjdmNjViZTNmM2E3In0.SdHSoBpQ0ZGsfaWqZHX66Rm2wg_-kA5rO8FRUCy3aMg"
time="2024-09-18T23:46:27+05:00" level=info msg="Request URL:/api/v1/users/profile/1b493d7f-30e4-48ca-a088-f7f65be3f3a7"
time="2024-09-18T23:46:31+05:00" level=info msg="Received signal:interrupt"
time="2024-09-18T23:46:31+05:00" level=fatal msg="http: Server closed"
time="2024-09-18T23:46:33+05:00" level=info msg="Configuration loaded successfully"
time="2024-09-18T23:46:33+05:00" level=info msg="Connected to User Service"
time="2024-09-18T23:46:33+05:00" level=info msg="Connected to Income Expense Service"
time="2024-09-18T23:46:33+05:00" level=info msg="Connected to Budget Service"
time="2024-09-18T23:46:33+05:00" level=info msg="Connected to Reporting Service"
time="2024-09-18T23:46:33+05:00" level=info msg="Service clients initialized"
time="2024-09-18T23:46:33+05:00" level=info msg="Starting API Gateway on address::9000"
time="2024-09-18T23:46:33+05:00" level=info msg="Starting API Gateway on: :9000"
time="2024-09-18T23:46:41+05:00" level=info msg="Authorization header:Bearer eyJhbGciOiJIUzI1NiIsInR5cCI6IkpXVCJ9.eyJleHAiOjE3MjY2ODg3MTAsImlkIjoiMWI0OTNkN2YtMzBlNC00OGNhLWEwODgtZjdmNjViZTNmM2E3In0.SdHSoBpQ0ZGsfaWqZHX66Rm2wg_-kA5rO8FRUCy3aMg"
time="2024-09-18T23:46:41+05:00" level=info msg="Request URL:/api/v1/users/profile/1b493d7f-30e4-48ca-a088-f7f65be3f3a7"
time="2024-09-18T23:46:54+05:00" level=info msg="Received signal:interrupt"
time="2024-09-18T23:46:54+05:00" level=fatal msg="http: Server closed"
time="2024-09-18T23:47:00+05:00" level=info msg="Configuration loaded successfully"
time="2024-09-18T23:47:00+05:00" level=info msg="Connected to User Service"
time="2024-09-18T23:47:00+05:00" level=info msg="Connected to Income Expense Service"
time="2024-09-18T23:47:00+05:00" level=info msg="Connected to Budget Service"
time="2024-09-18T23:47:00+05:00" level=info msg="Connected to Reporting Service"
time="2024-09-18T23:47:00+05:00" level=info msg="Service clients initialized"
time="2024-09-18T23:47:00+05:00" level=info msg="Starting API Gateway on address::9000"
time="2024-09-18T23:47:00+05:00" level=info msg="Starting API Gateway on: :9000"
time="2024-09-18T23:47:02+05:00" level=info msg="Authorization header:Bearer eyJhbGciOiJIUzI1NiIsInR5cCI6IkpXVCJ9.eyJleHAiOjE3MjY2ODg3MTAsImlkIjoiMWI0OTNkN2YtMzBlNC00OGNhLWEwODgtZjdmNjViZTNmM2E3In0.SdHSoBpQ0ZGsfaWqZHX66Rm2wg_-kA5rO8FRUCy3aMg"
time="2024-09-18T23:47:02+05:00" level=info msg="Request URL:/api/v1/users/profile/1b493d7f-30e4-48ca-a088-f7f65be3f3a7"
time="2024-09-18T23:48:39+05:00" level=info msg="Received signal:interrupt"
time="2024-09-18T23:48:39+05:00" level=fatal msg="http: Server closed"
time="2024-09-18T23:48:41+05:00" level=info msg="Configuration loaded successfully"
time="2024-09-18T23:48:41+05:00" level=info msg="Connected to User Service"
time="2024-09-18T23:48:41+05:00" level=info msg="Connected to Income Expense Service"
time="2024-09-18T23:48:41+05:00" level=info msg="Connected to Budget Service"
time="2024-09-18T23:48:41+05:00" level=info msg="Connected to Reporting Service"
time="2024-09-18T23:48:41+05:00" level=info msg="Service clients initialized"
time="2024-09-18T23:48:41+05:00" level=info msg="Starting API Gateway on address::9000"
time="2024-09-18T23:48:41+05:00" level=info msg="Starting API Gateway on: :9000"
time="2024-09-18T23:48:43+05:00" level=info msg="Authorization header:Bearer eyJhbGciOiJIUzI1NiIsInR5cCI6IkpXVCJ9.eyJleHAiOjE3MjY2ODg3MTAsImlkIjoiMWI0OTNkN2YtMzBlNC00OGNhLWEwODgtZjdmNjViZTNmM2E3In0.SdHSoBpQ0ZGsfaWqZHX66Rm2wg_-kA5rO8FRUCy3aMg"
time="2024-09-18T23:48:43+05:00" level=info msg="Request URL:/api/v1/users/profile/1b493d7f-30e4-48ca-a088-f7f65be3f3a7"
time="2024-09-18T23:48:58+05:00" level=info msg="Received signal:interrupt"
time="2024-09-18T23:48:58+05:00" level=fatal msg="http: Server closed"
time="2024-09-18T23:49:00+05:00" level=info msg="Configuration loaded successfully"
time="2024-09-18T23:49:00+05:00" level=info msg="Connected to User Service"
time="2024-09-18T23:49:00+05:00" level=info msg="Connected to Income Expense Service"
time="2024-09-18T23:49:00+05:00" level=info msg="Connected to Budget Service"
time="2024-09-18T23:49:00+05:00" level=info msg="Connected to Reporting Service"
time="2024-09-18T23:49:00+05:00" level=info msg="Service clients initialized"
time="2024-09-18T23:49:00+05:00" level=info msg="Starting API Gateway on address::9000"
time="2024-09-18T23:49:00+05:00" level=info msg="Starting API Gateway on: :9000"
time="2024-09-18T23:49:04+05:00" level=info msg="Authorization header:Bearer eyJhbGciOiJIUzI1NiIsInR5cCI6IkpXVCJ9.eyJleHAiOjE3MjY2ODg3MTAsImlkIjoiMWI0OTNkN2YtMzBlNC00OGNhLWEwODgtZjdmNjViZTNmM2E3In0.SdHSoBpQ0ZGsfaWqZHX66Rm2wg_-kA5rO8FRUCy3aMg"
time="2024-09-18T23:49:04+05:00" level=info msg="Request URL:/api/v1/users/profile/1b493d7f-30e4-48ca-a088-f7f65be3f3a7"
time="2024-09-18T23:49:51+05:00" level=info msg="Received signal:interrupt"
time="2024-09-18T23:49:51+05:00" level=fatal msg="http: Server closed"
time="2024-09-18T23:49:54+05:00" level=info msg="Configuration loaded successfully"
time="2024-09-18T23:49:54+05:00" level=info msg="Connected to User Service"
time="2024-09-18T23:49:54+05:00" level=info msg="Connected to Income Expense Service"
time="2024-09-18T23:49:54+05:00" level=info msg="Connected to Budget Service"
time="2024-09-18T23:49:54+05:00" level=info msg="Connected to Reporting Service"
time="2024-09-18T23:49:54+05:00" level=info msg="Service clients initialized"
time="2024-09-18T23:49:54+05:00" level=info msg="Starting API Gateway on address::9000"
time="2024-09-18T23:49:54+05:00" level=info msg="Starting API Gateway on: :9000"
time="2024-09-18T23:49:55+05:00" level=info msg="Authorization header:Bearer eyJhbGciOiJIUzI1NiIsInR5cCI6IkpXVCJ9.eyJleHAiOjE3MjY2ODg3MTAsImlkIjoiMWI0OTNkN2YtMzBlNC00OGNhLWEwODgtZjdmNjViZTNmM2E3In0.SdHSoBpQ0ZGsfaWqZHX66Rm2wg_-kA5rO8FRUCy3aMg"
time="2024-09-18T23:49:55+05:00" level=info msg="Request URL:/api/v1/users/profile/1b493d7f-30e4-48ca-a088-f7f65be3f3a7"
time="2024-09-18T23:50:01+05:00" level=info msg="Received signal:interrupt"
time="2024-09-18T23:50:01+05:00" level=fatal msg="http: Server closed"
time="2024-09-18T23:50:03+05:00" level=info msg="Configuration loaded successfully"
time="2024-09-18T23:50:03+05:00" level=info msg="Connected to User Service"
time="2024-09-18T23:50:03+05:00" level=info msg="Connected to Income Expense Service"
time="2024-09-18T23:50:03+05:00" level=info msg="Connected to Budget Service"
time="2024-09-18T23:50:03+05:00" level=info msg="Connected to Reporting Service"
time="2024-09-18T23:50:03+05:00" level=info msg="Service clients initialized"
time="2024-09-18T23:50:03+05:00" level=info msg="Starting API Gateway on address::9000"
time="2024-09-18T23:50:03+05:00" level=info msg="Starting API Gateway on: :9000"
time="2024-09-18T23:50:05+05:00" level=info msg="Authorization header:Bearer eyJhbGciOiJIUzI1NiIsInR5cCI6IkpXVCJ9.eyJleHAiOjE3MjY2ODg3MTAsImlkIjoiMWI0OTNkN2YtMzBlNC00OGNhLWEwODgtZjdmNjViZTNmM2E3In0.SdHSoBpQ0ZGsfaWqZHX66Rm2wg_-kA5rO8FRUCy3aMg"
time="2024-09-18T23:50:05+05:00" level=info msg="Request URL:/api/v1/users/profile/1b493d7f-30e4-48ca-a088-f7f65be3f3a7"
time="2024-09-18T23:50:12+05:00" level=info msg="Received signal:interrupt"
time="2024-09-18T23:50:12+05:00" level=fatal msg="http: Server closed"
time="2024-09-18T23:50:15+05:00" level=info msg="Configuration loaded successfully"
time="2024-09-18T23:50:15+05:00" level=info msg="Connected to User Service"
time="2024-09-18T23:50:15+05:00" level=info msg="Connected to Income Expense Service"
time="2024-09-18T23:50:15+05:00" level=info msg="Connected to Budget Service"
time="2024-09-18T23:50:15+05:00" level=info msg="Connected to Reporting Service"
time="2024-09-18T23:50:15+05:00" level=info msg="Service clients initialized"
time="2024-09-18T23:50:15+05:00" level=info msg="Starting API Gateway on address::9000"
time="2024-09-18T23:50:15+05:00" level=info msg="Starting API Gateway on: :9000"
time="2024-09-18T23:50:16+05:00" level=info msg="Authorization header:Bearer eyJhbGciOiJIUzI1NiIsInR5cCI6IkpXVCJ9.eyJleHAiOjE3MjY2ODg3MTAsImlkIjoiMWI0OTNkN2YtMzBlNC00OGNhLWEwODgtZjdmNjViZTNmM2E3In0.SdHSoBpQ0ZGsfaWqZHX66Rm2wg_-kA5rO8FRUCy3aMg"
time="2024-09-18T23:50:16+05:00" level=info msg="Request URL:/api/v1/users/profile/1b493d7f-30e4-48ca-a088-f7f65be3f3a7"
time="2024-09-18T23:50:43+05:00" level=info msg="Received signal:interrupt"
time="2024-09-18T23:50:43+05:00" level=fatal msg="http: Server closed"
time="2024-09-18T23:50:45+05:00" level=info msg="Configuration loaded successfully"
time="2024-09-18T23:50:45+05:00" level=info msg="Connected to User Service"
time="2024-09-18T23:50:45+05:00" level=info msg="Connected to Income Expense Service"
time="2024-09-18T23:50:45+05:00" level=info msg="Connected to Budget Service"
time="2024-09-18T23:50:45+05:00" level=info msg="Connected to Reporting Service"
time="2024-09-18T23:50:45+05:00" level=info msg="Service clients initialized"
time="2024-09-18T23:50:45+05:00" level=info msg="Starting API Gateway on address::9000"
time="2024-09-18T23:50:45+05:00" level=info msg="Starting API Gateway on: :9000"
time="2024-09-18T23:50:46+05:00" level=info msg="Authorization header:Bearer eyJhbGciOiJIUzI1NiIsInR5cCI6IkpXVCJ9.eyJleHAiOjE3MjY2ODg3MTAsImlkIjoiMWI0OTNkN2YtMzBlNC00OGNhLWEwODgtZjdmNjViZTNmM2E3In0.SdHSoBpQ0ZGsfaWqZHX66Rm2wg_-kA5rO8FRUCy3aMg"
time="2024-09-18T23:50:46+05:00" level=info msg="Request URL:/api/v1/users/profile/1b493d7f-30e4-48ca-a088-f7f65be3f3a7"
time="2024-09-18T23:50:50+05:00" level=info msg="Received signal:interrupt"
time="2024-09-18T23:50:50+05:00" level=fatal msg="http: Server closed"
time="2024-09-18T23:51:38+05:00" level=info msg="Configuration loaded successfully"
time="2024-09-18T23:51:38+05:00" level=info msg="Connected to User Service"
time="2024-09-18T23:51:38+05:00" level=info msg="Connected to Income Expense Service"
time="2024-09-18T23:51:38+05:00" level=info msg="Connected to Budget Service"
time="2024-09-18T23:51:38+05:00" level=info msg="Connected to Reporting Service"
time="2024-09-18T23:51:38+05:00" level=info msg="Service clients initialized"
time="2024-09-18T23:51:38+05:00" level=info msg="Starting API Gateway on address::9000"
time="2024-09-18T23:51:38+05:00" level=info msg="Starting API Gateway on: :9000"
time="2024-09-18T23:51:40+05:00" level=info msg="Authorization header:Bearer eyJhbGciOiJIUzI1NiIsInR5cCI6IkpXVCJ9.eyJleHAiOjE3MjY2ODg3MTAsImlkIjoiMWI0OTNkN2YtMzBlNC00OGNhLWEwODgtZjdmNjViZTNmM2E3In0.SdHSoBpQ0ZGsfaWqZHX66Rm2wg_-kA5rO8FRUCy3aMg"
time="2024-09-18T23:51:40+05:00" level=info msg="Request URL:/api/v1/users/profile/1b493d7f-30e4-48ca-a088-f7f65be3f3a7"
time="2024-09-18T23:51:42+05:00" level=info msg="Received signal:interrupt"
time="2024-09-18T23:51:42+05:00" level=fatal msg="http: Server closed"
time="2024-09-18T23:51:47+05:00" level=info msg="Configuration loaded successfully"
time="2024-09-18T23:51:47+05:00" level=info msg="Connected to User Service"
time="2024-09-18T23:51:47+05:00" level=info msg="Connected to Income Expense Service"
time="2024-09-18T23:51:47+05:00" level=info msg="Connected to Budget Service"
time="2024-09-18T23:51:47+05:00" level=info msg="Connected to Reporting Service"
time="2024-09-18T23:51:47+05:00" level=info msg="Service clients initialized"
time="2024-09-18T23:51:47+05:00" level=info msg="Starting API Gateway on address::9000"
time="2024-09-18T23:51:47+05:00" level=info msg="Starting API Gateway on: :9000"
time="2024-09-18T23:51:49+05:00" level=info msg="Authorization header:Bearer eyJhbGciOiJIUzI1NiIsInR5cCI6IkpXVCJ9.eyJleHAiOjE3MjY2ODg3MTAsImlkIjoiMWI0OTNkN2YtMzBlNC00OGNhLWEwODgtZjdmNjViZTNmM2E3In0.SdHSoBpQ0ZGsfaWqZHX66Rm2wg_-kA5rO8FRUCy3aMg"
time="2024-09-18T23:51:49+05:00" level=info msg="Request URL:/api/v1/users/profile/1b493d7f-30e4-48ca-a088-f7f65be3f3a7"
time="2024-09-18T23:51:50+05:00" level=info msg="Received signal:interrupt"
time="2024-09-18T23:51:50+05:00" level=fatal msg="http: Server closed"
time="2024-09-18T23:51:58+05:00" level=info msg="Configuration loaded successfully"
time="2024-09-18T23:51:58+05:00" level=info msg="Connected to User Service"
time="2024-09-18T23:51:58+05:00" level=info msg="Connected to Income Expense Service"
time="2024-09-18T23:51:58+05:00" level=info msg="Connected to Budget Service"
time="2024-09-18T23:51:58+05:00" level=info msg="Connected to Reporting Service"
time="2024-09-18T23:51:58+05:00" level=info msg="Service clients initialized"
time="2024-09-18T23:51:58+05:00" level=info msg="Starting API Gateway on address::9000"
time="2024-09-18T23:51:58+05:00" level=info msg="Starting API Gateway on: :9000"
time="2024-09-18T23:51:59+05:00" level=info msg="Authorization header:Bearer eyJhbGciOiJIUzI1NiIsInR5cCI6IkpXVCJ9.eyJleHAiOjE3MjY2ODg3MTAsImlkIjoiMWI0OTNkN2YtMzBlNC00OGNhLWEwODgtZjdmNjViZTNmM2E3In0.SdHSoBpQ0ZGsfaWqZHX66Rm2wg_-kA5rO8FRUCy3aMg"
time="2024-09-18T23:51:59+05:00" level=info msg="Request URL:/api/v1/users/profile/1b493d7f-30e4-48ca-a088-f7f65be3f3a7"
time="2024-09-18T23:52:01+05:00" level=info msg="Received signal:interrupt"
time="2024-09-18T23:52:01+05:00" level=fatal msg="http: Server closed"
time="2024-09-18T23:53:03+05:00" level=info msg="Configuration loaded successfully"
time="2024-09-18T23:53:03+05:00" level=info msg="Connected to User Service"
time="2024-09-18T23:53:03+05:00" level=info msg="Connected to Income Expense Service"
time="2024-09-18T23:53:03+05:00" level=info msg="Connected to Budget Service"
time="2024-09-18T23:53:03+05:00" level=info msg="Connected to Reporting Service"
time="2024-09-18T23:53:03+05:00" level=info msg="Service clients initialized"
time="2024-09-18T23:53:03+05:00" level=info msg="Starting API Gateway on address::9000"
time="2024-09-18T23:53:03+05:00" level=info msg="Starting API Gateway on: :9000"
time="2024-09-18T23:53:05+05:00" level=info msg="Authorization header:Bearer eyJhbGciOiJIUzI1NiIsInR5cCI6IkpXVCJ9.eyJleHAiOjE3MjY2ODg3MTAsImlkIjoiMWI0OTNkN2YtMzBlNC00OGNhLWEwODgtZjdmNjViZTNmM2E3In0.SdHSoBpQ0ZGsfaWqZHX66Rm2wg_-kA5rO8FRUCy3aMg"
time="2024-09-18T23:53:05+05:00" level=info msg="Request URL:/api/v1/users/profile/1b493d7f-30e4-48ca-a088-f7f65be3f3a7"
time="2024-09-18T23:53:05+05:00" level=info msg="GetUserById: Successfully retrieved user - ID: bekzodnematov709@gmail.com"
time="2024-09-18T23:58:05+05:00" level=info msg="Authorization header:"
time="2024-09-18T23:58:05+05:00" level=info msg="Request URL:/api/v1/users/1b493d7f-30e4-48ca-a088-f7f65be3f3a7"
time="2024-09-18T23:59:21+05:00" level=info msg="Received signal:interrupt"
time="2024-09-18T23:59:21+05:00" level=fatal msg="http: Server closed"
time="2024-09-18T23:59:24+05:00" level=info msg="Configuration loaded successfully"
time="2024-09-18T23:59:24+05:00" level=info msg="Connected to User Service"
time="2024-09-18T23:59:24+05:00" level=info msg="Connected to Income Expense Service"
time="2024-09-18T23:59:24+05:00" level=info msg="Connected to Budget Service"
time="2024-09-18T23:59:24+05:00" level=info msg="Connected to Reporting Service"
time="2024-09-18T23:59:24+05:00" level=info msg="Service clients initialized"
time="2024-09-18T23:59:24+05:00" level=info msg="Starting API Gateway on address::9000"
time="2024-09-18T23:59:24+05:00" level=info msg="Starting API Gateway on: :9000"
time="2024-09-18T23:59:46+05:00" level=info msg="Authorization header:"
time="2024-09-18T23:59:46+05:00" level=info msg="Request URL:/api/v1/users/login"
time="2024-09-18T23:59:46+05:00" level=info msg="LoginUser: Successfully logged in user - eyJhbGciOiJIUzI1NiIsInR5cCI6IkpXVCJ9.eyJleHAiOjE3MjY2ODk1ODYsImlkIjoiMWI0OTNkN2YtMzBlNC00OGNhLWEwODgtZjdmNjViZTNmM2E3In0.glR0vvHPy2i6rO9tnELUkX-Eh9ar45o4oXX9I4yVH1Q"
time="2024-09-19T00:00:08+05:00" level=info msg="Authorization header:"
time="2024-09-19T00:00:08+05:00" level=info msg="Request URL:/api/v1/users/login"
time="2024-09-19T00:00:08+05:00" level=info msg="LoginUser: Successfully logged in user - eyJhbGciOiJIUzI1NiIsInR5cCI6IkpXVCJ9.eyJleHAiOjE3MjY2ODk2MDgsImlkIjoiMWI0OTNkN2YtMzBlNC00OGNhLWEwODgtZjdmNjViZTNmM2E3In0.F7i6HDN_cF7_SDGV8l9lqfjdBskMrBmTO_IEfk2Sf6Q"
time="2024-09-19T00:00:30+05:00" level=info msg="Authorization header:Bearer eyJhbGciOiJIUzI1NiIsInR5cCI6IkpXVCJ9.eyJleHAiOjE3MjY2ODk2MDgsImlkIjoiMWI0OTNkN2YtMzBlNC00OGNhLWEwODgtZjdmNjViZTNmM2E3In0.F7i6HDN_cF7_SDGV8l9lqfjdBskMrBmTO_IEfk2Sf6Q"
time="2024-09-19T00:00:30+05:00" level=info msg="Request URL:/api/v1/users/profile/1b493d7f-30e4-48ca-a088-f7f65be3f3a7"
time="2024-09-19T00:00:30+05:00" level=info msg="GetUserById: Successfully retrieved user - ID: bekzodnematov709@gmail.com"
time="2024-09-19T00:00:55+05:00" level=info msg="Authorization header:"
time="2024-09-19T00:00:55+05:00" level=info msg="Request URL:/api/v1/users/1b493d7f-30e4-48ca-a088-f7f65be3f3a7"
time="2024-09-19T00:03:58+05:00" level=info msg="Authorization header:Bearer eyJhbGciOiJIUzI1NiIsInR5cCI6IkpXVCJ9.eyJleHAiOjE3MjY2ODk2MDgsImlkIjoiMWI0OTNkN2YtMzBlNC00OGNhLWEwODgtZjdmNjViZTNmM2E3In0.F7i6HDN_cF7_SDGV8l9lqfjdBskMrBmTO_IEfk2Sf6Q"
time="2024-09-19T00:03:58+05:00" level=info msg="Request URL:/api/v1/users/profile/1b493d7f-30e4-48ca-a088-f7f65be3f3a7"
time="2024-09-19T00:03:58+05:00" level=info msg="GetUserById: Successfully retrieved user - ID: bekzodnematov709@gmail.com"
time="2024-09-19T00:04:03+05:00" level=info msg="Authorization header:Bearer eyJhbGciOiJIUzI1NiIsInR5cCI6IkpXVCJ9.eyJleHAiOjE3MjY2ODk2MDgsImlkIjoiMWI0OTNkN2YtMzBlNC00OGNhLWEwODgtZjdmNjViZTNmM2E3In0.F7i6HDN_cF7_SDGV8l9lqfjdBskMrBmTO_IEfk2Sf6Q"
time="2024-09-19T00:04:03+05:00" level=info msg="Request URL:/api/v1/users/profile/1b493d7f-30e4-48ca-a088-f7f65be3f3a7"
time="2024-09-19T00:04:03+05:00" level=info msg="GetUserById: Successfully retrieved user - ID: bekzodnematov709@gmail.com"
time="2024-09-19T00:04:33+05:00" level=info msg="Authorization header:"
time="2024-09-19T00:04:33+05:00" level=info msg="Request URL:/api/v1/users/1b493d7f-30e4-48ca-a088-f7f65be3f3a7"
time="2024-09-19T00:05:34+05:00" level=info msg="Received signal:interrupt"
time="2024-09-19T00:05:34+05:00" level=fatal msg="http: Server closed"
time="2024-09-19T00:05:36+05:00" level=info msg="Configuration loaded successfully"
time="2024-09-19T00:05:36+05:00" level=info msg="Connected to User Service"
time="2024-09-19T00:05:36+05:00" level=info msg="Connected to Income Expense Service"
time="2024-09-19T00:05:36+05:00" level=info msg="Connected to Budget Service"
time="2024-09-19T00:05:36+05:00" level=info msg="Connected to Reporting Service"
time="2024-09-19T00:05:36+05:00" level=info msg="Service clients initialized"
time="2024-09-19T00:05:36+05:00" level=info msg="Starting API Gateway on address::9000"
time="2024-09-19T00:05:36+05:00" level=info msg="Starting API Gateway on: :9000"
time="2024-09-19T00:05:39+05:00" level=info msg="Authorization header:"
time="2024-09-19T00:05:39+05:00" level=info msg="Request URL:/api/v1/users/1b493d7f-30e4-48ca-a088-f7f65be3f3a7"
time="2024-09-19T00:05:47+05:00" level=info msg="Received signal:interrupt"
time="2024-09-19T00:05:47+05:00" level=fatal msg="http: Server closed"
time="2024-09-19T00:05:50+05:00" level=info msg="Configuration loaded successfully"
time="2024-09-19T00:05:50+05:00" level=info msg="Connected to User Service"
time="2024-09-19T00:05:50+05:00" level=info msg="Connected to Income Expense Service"
time="2024-09-19T00:05:50+05:00" level=info msg="Connected to Budget Service"
time="2024-09-19T00:05:50+05:00" level=info msg="Connected to Reporting Service"
time="2024-09-19T00:05:50+05:00" level=info msg="Service clients initialized"
time="2024-09-19T00:05:50+05:00" level=info msg="Starting API Gateway on address::9000"
time="2024-09-19T00:05:50+05:00" level=info msg="Starting API Gateway on: :9000"
time="2024-09-19T00:05:52+05:00" level=info msg="Authorization header:"
time="2024-09-19T00:05:52+05:00" level=info msg="Request URL:/api/v1/users/1b493d7f-30e4-48ca-a088-f7f65be3f3a7"
time="2024-09-19T00:06:02+05:00" level=info msg="Authorization header:Bearer eyJhbGciOiJIUzI1NiIsInR5cCI6IkpXVCJ9.eyJleHAiOjE3MjY2ODk2MDgsImlkIjoiMWI0OTNkN2YtMzBlNC00OGNhLWEwODgtZjdmNjViZTNmM2E3In0.F7i6HDN_cF7_SDGV8l9lqfjdBskMrBmTO_IEfk2Sf6Q"
time="2024-09-19T00:06:02+05:00" level=info msg="Request URL:/api/v1/users/profile/1b493d7f-30e4-48ca-a088-f7f65be3f3a7"
time="2024-09-19T00:06:02+05:00" level=info msg="GetUserById: Successfully retrieved user - ID: bekzodnematov709@gmail.com"
time="2024-09-19T00:07:38+05:00" level=info msg="Received signal:interrupt"
time="2024-09-19T00:07:38+05:00" level=fatal msg="http: Server closed"
time="2024-09-19T00:07:46+05:00" level=info msg="Configuration loaded successfully"
time="2024-09-19T00:07:46+05:00" level=info msg="Connected to User Service"
time="2024-09-19T00:07:46+05:00" level=info msg="Connected to Income Expense Service"
time="2024-09-19T00:07:46+05:00" level=info msg="Connected to Budget Service"
time="2024-09-19T00:07:46+05:00" level=info msg="Connected to Reporting Service"
time="2024-09-19T00:07:46+05:00" level=info msg="Service clients initialized"
time="2024-09-19T00:07:46+05:00" level=info msg="Starting API Gateway on address::9000"
time="2024-09-19T00:07:46+05:00" level=info msg="Starting API Gateway on: :9000"
time="2024-09-19T00:07:50+05:00" level=info msg="Authorization header:Bearer eyJhbGciOiJIUzI1NiIsInR5cCI6IkpXVCJ9.eyJleHAiOjE3MjY2ODk2MDgsImlkIjoiMWI0OTNkN2YtMzBlNC00OGNhLWEwODgtZjdmNjViZTNmM2E3In0.F7i6HDN_cF7_SDGV8l9lqfjdBskMrBmTO_IEfk2Sf6Q"
time="2024-09-19T00:07:50+05:00" level=info msg="Request URL:/api/v1/users/profile/1b493d7f-30e4-48ca-a088-f7f65be3f3a7"
time="2024-09-19T00:07:50+05:00" level=info msg="GetUserById: Successfully retrieved user - ID: bekzodnematov709@gmail.com"
time="2024-09-19T00:07:54+05:00" level=info msg="Authorization header:"
time="2024-09-19T00:07:54+05:00" level=info msg="Request URL:/api/v1/users/1b493d7f-30e4-48ca-a088-f7f65be3f3a7"
time="2024-09-19T00:07:57+05:00" level=info msg="Authorization header:"
time="2024-09-19T00:07:57+05:00" level=info msg="Request URL:/api/v1/users/1b493d7f-30e4-48ca-a088-f7f65be3f3a7"
time="2024-09-19T00:12:48+05:00" level=info msg="Received signal:interrupt"
time="2024-09-19T00:12:48+05:00" level=fatal msg="http: Server closed"
